[ERROR]: 2024-09-21 10:02:55 - In Server: Error 1045: Access denied for user 'root'@'localhost' (using password: YES)
[ERROR]: 2024-09-21 10:13:26 - In Server: Error 1045: Access denied for user 'root'@'localhost' (using password: YES)
[ERROR]: 2024-09-21 11:09:53 - In Server: Error 1054: Unknown column 'email_active' in 'field list'
[ERROR]: 2024-09-21 11:10:43 - In Server: Error 1054: Unknown column 'password' in 'field list'
[ERROR]: 2024-09-21 11:11:23 - In Server: Error 1054: Unknown column 'phone' in 'where clause'
[ERROR]: 2024-09-21 11:14:17 - In Server: email field is required
[ERROR]: 2024-09-21 11:14:30 - In Server: phone field is required
[ERROR]: 2024-09-21 11:14:56 - In Server: password field is required
[ERROR]: 2024-09-21 11:15:06 - In Server: app_name field is required
[ERROR]: 2024-09-21 11:15:15 - In Server: Error 1054: Unknown column 'username' in 'field list'
[ERROR]: 2024-09-21 11:16:13 - In Server: Error 1054: Unknown column 'app_id' in 'field list'
[ERROR]: 2024-09-21 11:17:01 - In Server: Error 1146: Table 'superapps.user_profiles' doesn't exist
[ERROR]: 2024-09-21 11:26:26 - In Server: Error 1054: Unknown column 'uid' in 'field list'
[ERROR]: 2024-09-21 11:28:22 - In Server: Error 1064: You have an error in your SQL syntax; check the manual that corresponds to your MySQL server version for the right syntax to use near 'user_id) VALUES('74aef742-275d-4c96-b939-2b132516d1e4')' at line 1
[INFO]: 2024-09-21 11:28:40 - Register success
[ERROR]: 2024-09-21 11:29:07 - In Server: Please activate your account
[ERROR]: 2024-09-21 11:31:32 - In Server: EOF
[ERROR]: 2024-09-21 11:31:49 - In Server: email field is required
[ERROR]: 2024-09-21 11:31:51 - In Server: email field is required
[ERROR]: 2024-09-21 11:31:59 - In Server: otp field is required
[ERROR]: 2024-09-21 11:32:04 - In Server: otp field is required
[ERROR]: 2024-09-21 11:32:21 - In Server: otp field is required
[ERROR]: 2024-09-21 11:40:52 - In Server: email field is required
[ERROR]: 2024-09-21 11:44:06 - In Server: Otp is expired
[ERROR]: 2024-09-21 11:44:39 - In Server: invalid character '}' looking for beginning of object key string
[ERROR]: 2024-09-21 11:44:43 - In Server: email field is required
[INFO]: 2024-09-21 12:07:21 - Resend otp success
[INFO]: 2024-09-21 12:08:03 - Resend otp success
[ERROR]: 2024-09-21 12:08:12 - In Server: Error 1054: Unknown column 'email_active_date' in 'field list'
[INFO]: 2024-09-21 12:08:34 - Verify account success
[ERROR]: 2024-09-21 12:08:41 - In Server: Please activate your account
[INFO]: 2024-09-21 12:09:06 - Verify account success
[INFO]: 2024-09-21 12:09:36 - Verify account success
[INFO]: 2024-09-21 12:09:42 - Login success
[ERROR]: 2024-09-21 12:12:05 - In Server: Missing auth token
[INFO]: 2024-09-21 12:12:13 - Login success
[ERROR]: 2024-09-21 12:12:28 - In Server: Error 1064: You have an error in your SQL syntax; check the manual that corresponds to your MySQL server version for the right syntax to use near '' at line 6
[ERROR]: 2024-09-21 12:13:39 - In Server: Error 1064: You have an error in your SQL syntax; check the manual that corresponds to your MySQL server version for the right syntax to use near '' at line 6
[INFO]: 2024-09-21 12:13:58 - Get all content success
[ERROR]: 2024-09-21 12:46:40 - In Server: Missing auth token
[ERROR]: 2024-09-21 12:46:45 - In Server: APP_NAME headers is required
[ERROR]: 2024-09-21 12:46:57 - In Server: id is required
[ERROR]: 2024-09-21 12:47:20 - In Server: title field is required
[ERROR]: 2024-09-21 12:47:28 - In Server: description field is required
[ERROR]: 2024-09-21 12:47:39 - In Server: description field is required
[ERROR]: 2024-09-21 12:47:41 - In Server: description field is required
[ERROR]: 2024-09-21 12:51:30 - In Server: description field is required
[ERROR]: 2024-09-21 12:51:31 - In Server: description field is required
[ERROR]: 2024-09-21 12:51:56 - In Server: Error 1054: Unknown column 'username' in 'field list'
[ERROR]: 2024-09-21 12:55:38 - In Server: Error 1054: Unknown column 'username' in 'field list'
[ERROR]: 2024-09-21 12:55:40 - In Server: Error 1054: Unknown column 'username' in 'field list'
[ERROR]: 2024-09-21 13:02:29 - In Server: json: cannot unmarshal number into Go struct field Content.type_id of type string
[ERROR]: 2024-09-21 13:04:43 - In Server: json: cannot unmarshal number into Go struct field Content.type_id of type string
[ERROR]: 2024-09-21 13:05:10 - In Server: json: cannot unmarshal number into Go struct field Content.type_id of type string
[ERROR]: 2024-09-21 13:05:24 - In Server: json: cannot unmarshal number into Go struct field Content.type_id of type string
[ERROR]: 2024-09-21 13:05:52 - In Server: json: cannot unmarshal number into Go struct field Content.type_id of type string
[ERROR]: 2024-09-21 13:06:19 - In Server: json: cannot unmarshal number into Go struct field Content.type_id of type string
[INFO]: 2024-09-21 13:06:31 - Create media success
[INFO]: 2024-09-21 13:07:09 - Create content success
[ERROR]: 2024-09-21 13:07:27 - In Server: Error 1054: Unknown column 'n.types' in 'field list'
[ERROR]: 2024-09-21 15:35:27 - In Server: Error 1146: Table 'superapps.content_medias' doesn't exist
[ERROR]: 2024-09-21 15:59:20 - In Server: Error 1054: Unknown column 'content_id' in 'where clause'
[ERROR]: 2024-09-21 16:00:11 - In Server: Error 1054: Unknown column 'cl.user_id' in 'on clause'
[ERROR]: 2024-09-21 16:02:41 - In Server: Error 1146: Table 'superapps.content_unlikes' doesn't exist
[ERROR]: 2024-09-21 16:04:55 - In Server: Error 1054: Unknown column 'cl.user_id' in 'on clause'
[ERROR]: 2024-09-21 16:05:08 - In Server: Error 1146: Table 'superapps.content_comments' doesn't exist
[ERROR]: 2024-09-21 16:09:16 - In Server: Error 1054: Unknown column 'content_id' in 'where clause'
[INFO]: 2024-09-21 16:09:39 - Get all content success
[INFO]: 2024-09-21 16:10:16 - Get all content success
[INFO]: 2024-09-21 16:11:50 - Get all content success
[INFO]: 2024-09-21 16:11:52 - Get all content success
[INFO]: 2024-09-21 16:11:52 - Get all content success
[INFO]: 2024-09-21 16:12:31 - Get all content success
[INFO]: 2024-09-21 16:12:31 - Get all content success
[INFO]: 2024-09-21 16:13:45 - Get all content success
[INFO]: 2024-09-21 16:16:52 - Get all content success
[ERROR]: 2024-09-21 16:17:18 - In Server: description field is required
[ERROR]: 2024-09-21 16:17:29 - In Server: description field is required
[ERROR]: 2024-09-21 16:19:04 - In Server: description field is required
[ERROR]: 2024-09-21 16:23:09 - In Server: description field is required
[INFO]: 2024-09-21 16:23:39 - Create content success
[INFO]: 2024-09-21 16:23:44 - Get all content success
[INFO]: 2024-09-21 16:25:37 - Get all content success
[ERROR]: 2024-09-21 16:31:49 - In Server: Missing auth token
[ERROR]: 2024-09-21 16:31:53 - In Server: EOF
[ERROR]: 2024-09-21 16:32:04 - In Server: Missing auth token
[ERROR]: 2024-09-21 16:32:08 - In Server: content_id is required
[INFO]: 2024-09-21 16:32:38 - Get all content success
[INFO]: 2024-09-21 16:33:26 - Get all content success
[ERROR]: 2024-09-21 16:33:43 - In Server: Error 1054: Unknown column 'uid' in 'field list'
[INFO]: 2024-09-21 16:35:31 - Create content like success
[INFO]: 2024-09-21 16:35:35 - Get all content success
[INFO]: 2024-09-21 16:35:45 - Create content like success
[INFO]: 2024-09-21 16:35:54 - Create content like success
[INFO]: 2024-09-21 16:36:13 - Get all content success
[INFO]: 2024-09-21 16:39:11 - Get all content success
[INFO]: 2024-09-21 16:42:08 - Get all content success
[INFO]: 2024-09-21 16:43:19 - Get all content success
[INFO]: 2024-09-21 16:44:33 - Get all content success
[INFO]: 2024-09-21 16:45:07 - Get all content success
[INFO]: 2024-09-21 16:45:48 - Get all content success
[INFO]: 2024-09-21 16:46:18 - Get all content success
[INFO]: 2024-09-21 16:46:48 - Get all content success
[ERROR]: 2024-09-21 16:47:00 - In Server: content_id is required
[INFO]: 2024-09-21 16:47:18 - Create content unlike success
[INFO]: 2024-09-21 16:47:25 - Get all content success
[INFO]: 2024-09-21 16:47:37 - Get all content success
[ERROR]: 2024-09-21 16:49:08 - In Server: Missing auth token
[ERROR]: 2024-09-21 16:49:12 - In Server: content_id is required
[ERROR]: 2024-09-21 16:49:23 - In Server: content_id is required
[ERROR]: 2024-09-21 16:49:27 - In Server: content_id is required
[INFO]: 2024-09-21 16:50:01 - Get all content success
[ERROR]: 2024-09-21 16:50:08 - In Server: comment field is required
[INFO]: 2024-09-21 16:50:18 - Create content comment success
[INFO]: 2024-09-21 16:50:20 - Get all content success
[ERROR]: 2024-09-21 16:51:17 - In Server: Missing auth token
[ERROR]: 2024-09-21 16:51:21 - In Server: id field is required
[ERROR]: 2024-09-21 16:51:26 - In Server: id field is required
[INFO]: 2024-09-21 16:51:36 - Delete content comment success
[INFO]: 2024-09-21 16:52:00 - Delete content comment success
[INFO]: 2024-09-21 16:52:11 - Get all content success
[ERROR]: 2024-09-21 16:55:27 - In Server: Missing auth token
[ERROR]: 2024-09-21 16:55:31 - In Server: APP_NAME headers is required
[ERROR]: 2024-09-21 16:56:04 - In Server: lat is required
[ERROR]: 2024-09-21 16:56:12 - In Server: lat is required
[ERROR]: 2024-09-21 16:56:53 - In Server: lat is required
[ERROR]: 2024-09-21 16:56:54 - In Server: lat is required
[ERROR]: 2024-09-21 16:57:36 - In Server: Error 1054: Unknown column 'username' in 'field list'
[ERROR]: 2024-09-21 16:58:23 - In Server: Error 1146: Table 'superapps.fcms' doesn't exist
[ERROR]: 2024-09-21 16:58:55 - In Server: Error 1054: Unknown column 'lat' in 'field list'
[ERROR]: 2024-09-21 17:05:48 - In Server: Error 1054: Unknown column 'app_id' in 'where clause'
[ERROR]: 2024-09-21 17:07:15 - In Server: Missing auth token
[INFO]: 2024-09-21 17:07:20 - Upload success
[INFO]: 2024-09-21 17:10:57 - Get all content success
[INFO]: 2024-09-21 17:11:04 - Create content comment success
[INFO]: 2024-09-21 17:11:07 - Get all content success
[INFO]: 2024-09-21 18:00:21 - Get all content success
[ERROR]: 2024-09-21 18:00:35 - In Server: Missing auth token
[ERROR]: 2024-09-21 18:00:39 - In Server: Error 1064: You have an error in your SQL syntax; check the manual that corresponds to your MySQL server version for the right syntax to use near '' at line 7
[INFO]: 2024-09-21 18:00:55 - Delete content success
[INFO]: 2024-09-21 18:00:59 - Get all content success
[INFO]: 2024-09-21 18:01:13 - Delete content success
[INFO]: 2024-09-21 18:01:15 - Get all content success
[ERROR]: 2024-09-21 18:01:46 - In Server: Error 1146: Table 'superapps.content' doesn't exist
[ERROR]: 2024-09-21 18:01:56 - In Server: Error 1146: Table 'superapps.content' doesn't exist
[INFO]: 2024-09-21 18:01:59 - Delete content success
[INFO]: 2024-09-21 18:02:01 - Get all content success
[INFO]: 2024-09-21 18:15:35 - Upload success
[INFO]: 2024-09-21 18:22:52 - Upload success
[INFO]: 2024-09-21 18:22:56 - Upload success
[INFO]: 2024-09-21 18:23:10 - Upload success
[INFO]: 2024-09-21 18:24:50 - Get all content success
[INFO]: 2024-09-21 18:45:54 - Delete content comment success
[INFO]: 2024-09-21 18:47:10 - Create content comment success
[INFO]: 2024-09-21 18:47:50 - Create content unlike success
[INFO]: 2024-09-21 18:48:49 - Create content success
