[INFO]: 2023-08-26 20:56:55 - Login Success
[INFO]: 2023-08-26 20:56:56 - Login Success
[INFO]: 2023-08-26 20:56:59 - Login Success
[INFO]: 2023-08-26 20:56:59 - Login Success
[INFO]: 2023-08-26 20:57:48 - Login Success
[INFO]: 2023-08-26 20:57:49 - Login Success
[ERROR]: 2023-08-26 20:58:11 - In Server: EOF
[ERROR]: 2023-08-26 20:58:11 - In Server: EOF
[ERROR]: 2023-08-26 20:58:18 - In Server: EOF
[ERROR]: 2023-08-26 20:58:20 - In Server: EOF
[ERROR]: 2023-08-26 20:58:32 - In Server: EOF
[ERROR]: 2023-08-26 20:58:33 - In Server: EOF
[ERROR]: 2023-08-26 20:58:49 - In Server: EOF
[ERROR]: 2023-08-26 20:58:50 - In Server: EOF
[ERROR]: 2023-08-26 20:58:51 - In Server: EOF
[ERROR]: 2023-08-26 20:59:07 - In Server: EOF
[ERROR]: 2023-08-26 20:59:08 - In Server: EOF
[ERROR]: 2023-08-26 20:59:09 - In Server: EOF
[ERROR]: 2023-08-26 20:59:29 - In Server: EOF
[ERROR]: 2023-08-26 20:59:30 - In Server: EOF
[INFO]: 2023-08-26 20:59:42 - Login Success
[INFO]: 2023-08-26 20:59:43 - Login Success
[ERROR]: 2023-08-26 20:59:58 - In Server: EOF
[INFO]: 2023-08-26 21:00:01 - Login Success
[INFO]: 2023-08-26 21:00:47 - Login Success
[INFO]: 2023-08-26 21:00:48 - Login Success
[ERROR]: 2023-08-26 21:03:40 - In Server: EOF
[INFO]: 2023-08-26 21:03:43 - Login Success
[INFO]: 2023-08-26 21:05:26 - Login Success
[INFO]: 2023-08-26 21:05:26 - Login Success
[INFO]: 2023-08-26 21:05:33 - Login Success
[INFO]: 2023-08-26 21:06:50 - Login Success
[INFO]: 2023-08-26 21:06:51 - Login Success
[INFO]: 2023-08-26 21:06:59 - Login Success
[INFO]: 2023-08-26 21:07:00 - Login Success
[INFO]: 2023-08-26 21:07:14 - Login Success
[INFO]: 2023-08-26 21:07:18 - Login Success
[INFO]: 2023-08-26 21:07:19 - Login Success
[INFO]: 2023-08-26 21:07:24 - Login Success
[INFO]: 2023-08-26 21:07:24 - Login Success
[INFO]: 2023-08-26 21:07:25 - Login Success
[INFO]: 2023-08-26 21:07:30 - Login Success
[INFO]: 2023-08-26 21:07:31 - Login Success
[ERROR]: 2023-08-26 21:11:49 - In Server: 
[ERROR]: 2023-08-26 21:11:50 - In Server: 
[ERROR]: 2023-08-26 21:12:42 - In Server: 
[ERROR]: 2023-08-26 21:14:10 - In Server: val field is required
[INFO]: 2023-08-26 21:14:17 - Login Success
[ERROR]: 2023-08-26 21:14:21 - In Server: password field is required
[ERROR]: 2023-08-26 21:23:04 - In Server: password field is required
[ERROR]: 2023-08-26 21:23:05 - In Server: password field is required
[INFO]: 2023-08-26 21:23:09 - Login Success
[INFO]: 2023-08-26 21:23:10 - Login Success
[ERROR]: 2023-08-26 21:23:14 - In Server: EOF
[ERROR]: 2023-08-26 21:24:37 - In Server: EOF
[ERROR]: 2023-08-26 21:25:47 - In Server: email field is required
[ERROR]: 2023-08-26 21:25:47 - In Server: email field is required
[ERROR]: 2023-08-26 21:25:55 - In Server: phone field is required
[ERROR]: 2023-08-26 21:26:01 - In Server: password field is required
[ERROR]: 2023-08-26 21:26:02 - In Server: password field is required
[INFO]: 2023-08-26 21:26:05 - Login Success
[INFO]: 2023-08-26 21:26:06 - Login Success
[ERROR]: 2023-08-26 21:26:12 - In Server: phone field is required
[ERROR]: 2023-08-26 21:26:20 - In Server: phone field is required
[ERROR]: 2023-08-26 21:26:21 - In Server: phone field is required
