[INFO]: 2023-09-07 08:23:24 - Register Success
[INFO]: 2023-09-07 08:23:35 - Register Success
[INFO]: 2023-09-07 08:23:36 - Register Success
[INFO]: 2023-09-07 08:25:00 - Register Success
[INFO]: 2023-09-07 08:25:01 - Register Success
[INFO]: 2023-09-07 08:27:36 - Register Success
[INFO]: 2023-09-07 08:27:37 - Register Success
[INFO]: 2023-09-07 08:44:13 - Register Success
[ERROR]: 2023-09-07 09:00:19 - In Server: Error 1054: Unknown column 'email' in 'field list'
[INFO]: 2023-09-07 09:00:19 - Login Success
[ERROR]: 2023-09-07 09:00:20 - In Server: Error 1054: Unknown column 'email' in 'field list'
[INFO]: 2023-09-07 09:00:20 - Login Success
[INFO]: 2023-09-07 09:00:44 - Login Success
[INFO]: 2023-09-07 09:00:45 - Login Success
[INFO]: 2023-09-07 09:00:48 - Login Success
[INFO]: 2023-09-07 09:01:23 - Login Success
[INFO]: 2023-09-07 09:01:23 - Login Success
[INFO]: 2023-09-07 09:01:24 - Login Success
[INFO]: 2023-09-07 10:19:28 - Login Success
[INFO]: 2023-09-07 10:20:17 - Login Success
[INFO]: 2023-09-07 10:20:25 - Login Success
[INFO]: 2023-09-07 10:20:34 - Login Success
[INFO]: 2023-09-07 10:20:43 - Register Success
[INFO]: 2023-09-07 10:20:49 - Login Success
[INFO]: 2023-09-07 10:21:04 - Login Success
[INFO]: 2023-09-07 10:21:43 - Login Success
[INFO]: 2023-09-07 10:29:20 - Login Success
[INFO]: 2023-09-07 10:29:38 - Login Success
[INFO]: 2023-09-07 10:29:39 - Login Success
[INFO]: 2023-09-07 10:30:17 - Login Success
[INFO]: 2023-09-07 10:33:20 - Login Success
[INFO]: 2023-09-07 10:34:07 - Login Success
[INFO]: 2023-09-07 10:34:13 - Login Success
[INFO]: 2023-09-07 10:34:34 - Login Success
[INFO]: 2023-09-07 10:36:05 - Login Success
[INFO]: 2023-09-07 10:36:19 - Login Success
[INFO]: 2023-09-07 10:36:19 - Login Success
[INFO]: 2023-09-07 10:36:36 - Login Success
[INFO]: 2023-09-07 10:37:00 - Login Success
[INFO]: 2023-09-07 10:37:16 - Login Success
[INFO]: 2023-09-07 10:37:52 - Login Success
[INFO]: 2023-09-07 10:38:44 - Login Success
[INFO]: 2023-09-07 10:39:06 - Login Success
[INFO]: 2023-09-07 10:40:07 - Login Success
[INFO]: 2023-09-07 10:43:17 - Login Success
[INFO]: 2023-09-07 10:43:50 - Login Success
[INFO]: 2023-09-07 10:45:43 - Login Success
[INFO]: 2023-09-07 10:46:37 - Login Success
[ERROR]: 2023-09-07 10:47:29 - In Server: Error 1045: Access denied for user 'root'@'localhost' (using password: YES)
[INFO]: 2023-09-07 10:48:27 - Login Success
[INFO]: 2023-09-07 10:52:08 - Login Success
[INFO]: 2023-09-07 10:52:48 - Login Success
[INFO]: 2023-09-07 10:56:50 - Login Success
[INFO]: 2023-09-07 11:00:27 - Login Success
[INFO]: 2023-09-07 11:00:47 - Login Success
[INFO]: 2023-09-07 11:05:07 - Login Success
[INFO]: 2023-09-07 11:05:17 - Login Success
[INFO]: 2023-09-07 11:05:38 - Login Success
[INFO]: 2023-09-07 11:06:18 - Login Success
[ERROR]: 2023-09-07 11:11:02 - In Server: unsupported destination, should be slice or struct
[ERROR]: 2023-09-07 11:23:31 - In Server: Error 1406: Data too long for column 'uid' at row 1
[INFO]: 2023-09-07 11:23:31 - Register Success
[ERROR]: 2023-09-07 11:25:08 - In Server: Error 1406: Data too long for column 'uid' at row 1
[INFO]: 2023-09-07 11:25:08 - Register Success
[ERROR]: 2023-09-07 11:25:09 - In Server: Error 1406: Data too long for column 'uid' at row 1
[INFO]: 2023-09-07 11:25:09 - Register Success
[ERROR]: 2023-09-07 11:26:23 - In Server: Error 1406: Data too long for column 'uid' at row 1
[ERROR]: 2023-09-07 11:26:23 - In Server: Error 1406: Data too long for column 'uid' at row 1
[ERROR]: 2023-09-07 11:27:00 - In Server: Error 1406: Data too long for column 'uid' at row 1
[INFO]: 2023-09-07 11:27:47 - Register Success
[INFO]: 2023-09-07 11:29:54 - Register Success
[ERROR]: 2023-09-07 11:31:00 - In Server: unsupported destination, should be slice or struct
[ERROR]: 2023-09-07 11:31:03 - In Server: unsupported destination, should be slice or struct
[ERROR]: 2023-09-07 11:31:33 - In Server: unsupported destination, should be slice or struct
[ERROR]: 2023-09-07 11:32:00 - In Server: unsupported destination, should be slice or struct
[ERROR]: 2023-09-07 11:34:43 - In Server: unsupported destination, should be slice or struct
[ERROR]: 2023-09-07 11:37:32 - In Server: Error 1064: You have an error in your SQL syntax; check the manual that corresponds to your MySQL server version for the right syntax to use near '@gmail.com' at line 1
[ERROR]: 2023-09-07 11:50:10 - In Server: unsupported destination, should be slice or struct
[ERROR]: 2023-09-07 13:29:33 - In Server: sql: Scan error on column index 0, name "password": unsupported Scan, storing driver.Value type []uint8 into type *[]string
[ERROR]: 2023-09-07 13:54:26 - In Server: crypto/bcrypt: hashedPassword is not the hash of the given password
[ERROR]: 2023-09-07 14:07:45 - In Server: crypto/bcrypt: hashedPassword is not the hash of the given password
