[INFO]: 2023-10-06 14:47:51 - Login success
[ERROR]: 2023-10-06 15:07:18 - In Server: Missing auth token
[INFO]: 2023-10-06 15:07:28 - Create Image News success
[INFO]: 2023-10-06 15:08:15 - Create Image News success
[INFO]: 2023-10-06 15:10:22 - Create Image News success
[ERROR]: 2023-10-06 15:32:52 - In Server: Missing auth token
[INFO]: 2023-10-06 15:33:27 - Create Image News success
[INFO]: 2023-10-06 15:33:28 - Create Image News success
[INFO]: 2023-10-06 15:33:29 - Create Image News success
[ERROR]: 2023-10-06 15:33:34 - In Server: signature is invalid
[ERROR]: 2023-10-06 15:33:35 - In Server: signature is invalid
[ERROR]: 2023-10-06 15:34:44 - In Server: signature is invalid
[ERROR]: 2023-10-06 15:34:45 - In Server: signature is invalid
[ERROR]: 2023-10-06 15:34:53 - In Server: Error 1452: Cannot add or update a child row: a foreign key constraint fails (`superapps`.`news`, CONSTRAINT `news_ibfk_1` FOREIGN KEY (`user_id`) REFERENCES `users` (`uid`) ON DELETE CASCADE ON UPDATE CASCADE)
[ERROR]: 2023-10-06 15:35:09 - In Server: Error 1452: Cannot add or update a child row: a foreign key constraint fails (`superapps`.`news`, CONSTRAINT `news_ibfk_1` FOREIGN KEY (`user_id`) REFERENCES `users` (`uid`) ON DELETE CASCADE ON UPDATE CASCADE)
[ERROR]: 2023-10-06 15:35:24 - In Server: Error 1452: Cannot add or update a child row: a foreign key constraint fails (`superapps`.`news`, CONSTRAINT `news_ibfk_1` FOREIGN KEY (`user_id`) REFERENCES `users` (`uid`) ON DELETE CASCADE ON UPDATE CASCADE)
[ERROR]: 2023-10-06 15:35:42 - In Server: Error 1452: Cannot add or update a child row: a foreign key constraint fails (`superapps`.`news`, CONSTRAINT `news_ibfk_1` FOREIGN KEY (`user_id`) REFERENCES `users` (`uid`) ON DELETE CASCADE ON UPDATE CASCADE)
[ERROR]: 2023-10-06 15:36:11 - In Server: Error 1452: Cannot add or update a child row: a foreign key constraint fails (`superapps`.`news`, CONSTRAINT `news_ibfk_1` FOREIGN KEY (`user_id`) REFERENCES `users` (`uid`) ON DELETE CASCADE ON UPDATE CASCADE)
[ERROR]: 2023-10-06 15:37:19 - In Server: Error 1452: Cannot add or update a child row: a foreign key constraint fails (`superapps`.`news`, CONSTRAINT `news_ibfk_1` FOREIGN KEY (`user_id`) REFERENCES `users` (`uid`) ON DELETE CASCADE ON UPDATE CASCADE)
[INFO]: 2023-10-06 16:56:22 - Login success
[INFO]: 2023-10-06 16:56:34 - Create News success
[INFO]: 2023-10-06 19:23:26 - Create News success
[ERROR]: 2023-10-06 19:44:58 - In Server: id is required
[ERROR]: 2023-10-06 19:44:59 - In Server: id is required
[ERROR]: 2023-10-06 19:46:10 - In Server: id is required
[INFO]: 2023-10-06 19:46:20 - Create News success
[ERROR]: 2023-10-06 19:48:33 - In Server: signature is invalid
[ERROR]: 2023-10-06 19:49:49 - In Server: signature is invalid
[ERROR]: 2023-10-06 19:49:50 - In Server: signature is invalid
