[INFO]: 2023-09-06 21:13:43 - Login Success
[INFO]: 2023-09-06 21:13:45 - Login Success
[ERROR]: 2023-09-06 21:14:37 - In Server: phone field is required
[INFO]: 2023-09-06 21:14:54 - Login Success
[INFO]: 2023-09-06 21:43:46 - Login Success
[INFO]: 2023-09-06 21:43:46 - Login Success
[INFO]: 2023-09-06 21:43:47 - Login Success
[INFO]: 2023-09-06 21:45:17 - Login Success
[INFO]: 2023-09-06 21:45:18 - Login Success
[INFO]: 2023-09-06 21:45:18 - Login Success
[INFO]: 2023-09-06 21:46:08 - Login Success
[INFO]: 2023-09-06 21:46:12 - Login Success
[INFO]: 2023-09-06 21:50:21 - Login Success
[INFO]: 2023-09-06 21:50:22 - Login Success
[INFO]: 2023-09-06 21:50:22 - Login Success
[INFO]: 2023-09-06 21:50:23 - Login Success
[ERROR]: 2023-09-06 21:50:28 - In Server: password field is required
[INFO]: 2023-09-06 21:50:30 - Login Success
[INFO]: 2023-09-06 22:03:02 - Login Success
[INFO]: 2023-09-06 22:03:17 - Login Success
[INFO]: 2023-09-06 22:03:18 - Login Success
[INFO]: 2023-09-06 22:03:19 - Login Success
[INFO]: 2023-09-06 22:03:42 - Login Success
[INFO]: 2023-09-06 22:03:43 - Login Success
[INFO]: 2023-09-06 22:03:43 - Login Success
[INFO]: 2023-09-06 22:03:46 - Login Success
[INFO]: 2023-09-06 22:03:46 - Login Success
[INFO]: 2023-09-06 22:03:49 - Login Success
[INFO]: 2023-09-06 22:03:49 - Login Success
[INFO]: 2023-09-06 22:04:23 - Login Success
[INFO]: 2023-09-06 22:04:55 - Login Success
[INFO]: 2023-09-06 22:04:56 - Login Success
[INFO]: 2023-09-06 22:04:59 - Login Success
[INFO]: 2023-09-06 22:05:27 - Login Success
[INFO]: 2023-09-06 22:05:28 - Login Success
[INFO]: 2023-09-06 22:05:33 - Login Success
[INFO]: 2023-09-06 22:05:34 - Login Success
[INFO]: 2023-09-06 22:05:34 - Login Success
[INFO]: 2023-09-06 22:05:45 - Login Success
[INFO]: 2023-09-06 22:05:45 - Login Success
[INFO]: 2023-09-06 22:06:09 - Login Success
[INFO]: 2023-09-06 22:06:09 - Login Success
[INFO]: 2023-09-06 22:06:19 - Login Success
[INFO]: 2023-09-06 22:06:39 - Login Success
[INFO]: 2023-09-06 22:06:40 - Login Success
[INFO]: 2023-09-06 22:06:40 - Login Success
[INFO]: 2023-09-06 22:06:41 - Login Success
[INFO]: 2023-09-06 22:06:41 - Login Success
[INFO]: 2023-09-06 22:06:42 - Login Success
[INFO]: 2023-09-06 22:06:43 - Login Success
[INFO]: 2023-09-06 22:06:43 - Login Success
[INFO]: 2023-09-06 22:07:08 - Login Success
[INFO]: 2023-09-06 22:07:09 - Login Success
[INFO]: 2023-09-06 22:07:09 - Login Success
[INFO]: 2023-09-06 22:07:10 - Login Success
[INFO]: 2023-09-06 22:07:29 - Login Success
[INFO]: 2023-09-06 22:07:30 - Login Success
[INFO]: 2023-09-06 22:07:52 - Login Success
[INFO]: 2023-09-06 22:07:53 - Login Success
[INFO]: 2023-09-06 22:09:43 - Login Success
[INFO]: 2023-09-06 22:09:43 - Login Success
[INFO]: 2023-09-06 22:10:40 - Login Success
[INFO]: 2023-09-06 22:10:42 - Login Success
[INFO]: 2023-09-06 22:11:41 - Register Success
[INFO]: 2023-09-06 22:12:22 - Register Success
[ERROR]: 2023-09-06 22:12:47 - In Server: nah
[ERROR]: 2023-09-06 22:12:56 - In Server: nah
[ERROR]: 2023-09-06 22:12:57 - In Server: nah
[ERROR]: 2023-09-06 22:13:01 - In Server: nah
[INFO]: 2023-09-06 22:13:04 - Register Success
[INFO]: 2023-09-06 22:14:01 - Register Success
[INFO]: 2023-09-06 22:14:02 - Register Success
[INFO]: 2023-09-06 22:14:06 - Register Success
[INFO]: 2023-09-06 22:14:06 - Register Success
[INFO]: 2023-09-06 22:14:09 - Register Success
[INFO]: 2023-09-06 22:14:10 - Register Success
[INFO]: 2023-09-06 22:14:10 - Register Success
[INFO]: 2023-09-06 22:14:11 - Register Success
[INFO]: 2023-09-06 22:14:11 - Register Success
[ERROR]: 2023-09-06 22:14:14 - In Server: format E-mail address is invalid
[ERROR]: 2023-09-06 22:14:14 - In Server: format E-mail address is invalid
[INFO]: 2023-09-06 22:14:19 - Register Success
[INFO]: 2023-09-06 22:14:20 - Register Success
[INFO]: 2023-09-06 22:14:22 - Register Success
[ERROR]: 2023-09-06 22:14:25 - In Server: format E-mail address is invalid
[ERROR]: 2023-09-06 22:14:46 - In Server: E-mail address is invalid
[ERROR]: 2023-09-06 22:14:47 - In Server: E-mail address is invalid
[ERROR]: 2023-09-06 22:18:48 - In Server: E-mail address is invalid
[ERROR]: 2023-09-06 22:18:49 - In Server: E-mail address is invalid
[ERROR]: 2023-09-06 22:18:53 - In Server: E-mail address is invalid
[ERROR]: 2023-09-06 22:18:53 - In Server: E-mail address is invalid
[INFO]: 2023-09-06 22:18:57 - Register Success
[INFO]: 2023-09-06 22:18:57 - Register Success
[INFO]: 2023-09-06 22:19:00 - Register Success
[INFO]: 2023-09-06 22:19:02 - Register Success
[ERROR]: 2023-09-06 22:19:06 - In Server: E-mail address is invalid
[INFO]: 2023-09-06 22:19:11 - Register Success
