[INFO]: 2023-12-16 11:13:57 - Login success
[ERROR]: 2023-12-16 12:03:49 - In Server: Error 1040: Too many connections
[ERROR]: 2023-12-16 12:03:49 - In Server: Error 1040: Too many connections
[ERROR]: 2023-12-16 12:03:49 - In Server: Error 1040: Too many connections
[ERROR]: 2023-12-16 12:04:28 - In Server: Error 1040: Too many connections
[ERROR]: 2023-12-16 12:04:28 - In Server: Error 1040: Too many connections
[ERROR]: 2023-12-16 12:04:33 - In Server: Error 1040: Too many connections
[ERROR]: 2023-12-16 12:05:25 - In Server: Error 1040: Too many connections
[ERROR]: 2023-12-16 12:05:28 - In Server: Error 1040: Too many connections
[ERROR]: 2023-12-16 12:05:40 - In Server: Error 1040: Too many connections
[ERROR]: 2023-12-16 12:05:40 - In Server: Error 1040: Too many connections
[ERROR]: 2023-12-16 12:05:40 - In Server: Error 1040: Too many connections
[ERROR]: 2023-12-16 12:05:42 - In Server: Error 1040: Too many connections
[ERROR]: 2023-12-16 12:05:44 - In Server: Error 1040: Too many connections
[ERROR]: 2023-12-16 12:05:44 - In Server: Error 1040: Too many connections
[ERROR]: 2023-12-16 13:24:14 - In Server: Error 1146: Table 'superapps.profiles' doesn't exist
[ERROR]: 2023-12-16 13:24:14 - In Server: Error 1146: Table 'superapps.profiles' doesn't exist
[ERROR]: 2023-12-16 13:24:37 - In Server: Error 1052: Column 'uid' in field list is ambiguous
[ERROR]: 2023-12-16 13:24:37 - In Server: Error 1052: Column 'uid' in field list is ambiguous
[ERROR]: 2023-12-16 13:25:11 - In Server: Error 1052: Column 'user_id' in field list is ambiguous
[ERROR]: 2023-12-16 13:25:11 - In Server: Error 1052: Column 'user_id' in field list is ambiguous
