[ERROR]: 2023-09-10 08:59:56 - In Server: Missing auth token
[ERROR]: 2023-09-10 09:01:07 - In Server: otp field is required
[INFO]: 2023-09-10 09:01:16 - Verify account success
[INFO]: 2023-09-10 09:20:24 - Verify account success
[INFO]: 2023-09-10 09:20:25 - Verify account success
[INFO]: 2023-09-10 09:28:57 - Verify account success
[INFO]: 2023-09-10 09:46:44 - Verify account success
[INFO]: 2023-09-10 09:46:45 - Verify account success
[ERROR]: 2023-09-10 09:48:52 - In Server: Otp is expired
[ERROR]: 2023-09-10 09:48:53 - In Server: Otp is expired
[ERROR]: 2023-09-10 09:51:33 - In Server: Otp is expired
[ERROR]: 2023-09-10 09:51:34 - In Server: Otp is expired
[ERROR]: 2023-09-10 09:51:45 - In Server: Otp is expired
[ERROR]: 2023-09-10 09:51:46 - In Server: Otp is expired
[ERROR]: 2023-09-10 09:59:05 - In Server: Please activate your account
[ERROR]: 2023-09-10 09:59:44 - In Server: Error 1064: You have an error in your SQL syntax; check the manual that corresponds to your MySQL server version for the right syntax to use near '= '089670558381' OR phone = '089670558381'' at line 2
[ERROR]: 2023-09-10 10:00:20 - In Server: Please activate your account
[ERROR]: 2023-09-10 10:00:51 - In Server: Please activate your account
[INFO]: 2023-09-10 10:01:28 - Verify account success
[INFO]: 2023-09-10 10:01:29 - Verify account success
[INFO]: 2023-09-10 10:01:30 - Verify account success
[INFO]: 2023-09-10 10:01:33 - Verify account success
[INFO]: 2023-09-10 10:01:33 - Verify account success
[INFO]: 2023-09-10 10:01:35 - Verify account success
[INFO]: 2023-09-10 10:01:36 - Verify account success
[INFO]: 2023-09-10 10:01:36 - Verify account success
[INFO]: 2023-09-10 10:01:37 - Verify account success
[INFO]: 2023-09-10 10:01:38 - Verify account success
[INFO]: 2023-09-10 10:01:49 - Verify account success
[INFO]: 2023-09-10 10:01:50 - Verify account success
[INFO]: 2023-09-10 10:01:50 - Verify account success
[INFO]: 2023-09-10 10:01:50 - Verify account success
[INFO]: 2023-09-10 10:01:51 - Verify account success
[INFO]: 2023-09-10 10:02:46 - Verify account success
[INFO]: 2023-09-10 10:02:46 - Verify account success
[INFO]: 2023-09-10 10:02:47 - Verify account success
[INFO]: 2023-09-10 10:08:42 - Verify account success
[INFO]: 2023-09-10 10:08:54 - Verify account success
[INFO]: 2023-09-10 10:09:36 - Verify account success
[INFO]: 2023-09-10 10:09:46 - Verify account success
[INFO]: 2023-09-10 10:09:56 - Verify account success
[INFO]: 2023-09-10 10:10:43 - Verify account success
[INFO]: 2023-09-10 10:15:09 - Verify account success
[INFO]: 2023-09-10 10:15:10 - Verify account success
[INFO]: 2023-09-10 10:15:26 - Verify account success
[INFO]: 2023-09-10 10:15:26 - Verify account success
[INFO]: 2023-09-10 10:15:41 - Verify account success
[INFO]: 2023-09-10 10:15:42 - Verify account success
[INFO]: 2023-09-10 10:15:42 - Verify account success
[INFO]: 2023-09-10 10:15:43 - Verify account success
[INFO]: 2023-09-10 10:17:57 - Verify account success
[INFO]: 2023-09-10 10:17:58 - Verify account success
[INFO]: 2023-09-10 10:18:01 - Verify account success
[ERROR]: 2023-09-10 10:20:38 - In Server: Otp is expired
[ERROR]: 2023-09-10 10:20:38 - In Server: Otp is expired
[ERROR]: 2023-09-10 10:20:58 - In Server: Please activate your account
[INFO]: 2023-09-10 10:21:05 - Verify account success
[INFO]: 2023-09-10 10:21:08 - Verify account success
[INFO]: 2023-09-10 10:21:09 - Verify account success
[ERROR]: 2023-09-10 10:23:29 - In Server: Otp is expired
[ERROR]: 2023-09-10 10:33:50 - In Server: Otp is expired
[ERROR]: 2023-09-10 10:33:52 - In Server: Please activate your account
[INFO]: 2023-09-10 10:34:43 - Verify account success
[ERROR]: 2023-09-10 10:36:40 - In Server: Please activate your account
[INFO]: 2023-09-10 10:36:59 - Verify account success
[INFO]: 2023-09-10 10:37:02 - Login success
[ERROR]: 2023-09-10 10:42:21 - In Server: Account is already active
[ERROR]: 2023-09-10 10:50:15 - In Server: Error 1054: Unknown column 'email' in 'field list'
[INFO]: 2023-09-10 10:50:30 - Register success
[INFO]: 2023-09-10 10:50:31 - Register success
