[ERROR]: 2023-09-30 09:56:57 - In Server: Error 1064: You have an error in your SQL syntax; check the manual that corresponds to your MySQL server version for the right syntax to use near '%%
	LIMIT 0, 10' at line 4
[ERROR]: 2023-09-30 09:56:58 - In Server: Error 1064: You have an error in your SQL syntax; check the manual that corresponds to your MySQL server version for the right syntax to use near '%%
	LIMIT 0, 10' at line 4
[ERROR]: 2023-09-30 09:57:32 - In Server: Error 1064: You have an error in your SQL syntax; check the manual that corresponds to your MySQL server version for the right syntax to use near 'LIMIT 0, 10' at line 5
[ERROR]: 2023-09-30 09:57:32 - In Server: Error 1064: You have an error in your SQL syntax; check the manual that corresponds to your MySQL server version for the right syntax to use near 'LIMIT 0, 10' at line 5
[ERROR]: 2023-09-30 09:57:45 - In Server: Error 1064: You have an error in your SQL syntax; check the manual that corresponds to your MySQL server version for the right syntax to use near '%
	LIMIT 0, 10' at line 4
[ERROR]: 2023-09-30 09:57:45 - In Server: Error 1064: You have an error in your SQL syntax; check the manual that corresponds to your MySQL server version for the right syntax to use near '%
	LIMIT 0, 10' at line 4
[ERROR]: 2023-09-30 09:58:02 - In Server: Error 1064: You have an error in your SQL syntax; check the manual that corresponds to your MySQL server version for the right syntax to use near ''%
	LIMIT 0, 10' at line 4
[ERROR]: 2023-09-30 09:58:03 - In Server: Error 1064: You have an error in your SQL syntax; check the manual that corresponds to your MySQL server version for the right syntax to use near ''%
	LIMIT 0, 10' at line 4
[ERROR]: 2023-09-30 09:58:37 - In Server: Error 1064: You have an error in your SQL syntax; check the manual that corresponds to your MySQL server version for the right syntax to use near '%'test'%
	LIMIT 0, 10' at line 4
[ERROR]: 2023-09-30 09:58:38 - In Server: Error 1064: You have an error in your SQL syntax; check the manual that corresponds to your MySQL server version for the right syntax to use near '%'test'%
	LIMIT 0, 10' at line 4
[INFO]: 2023-09-30 10:28:04 - Upload success
[INFO]: 2023-09-30 10:29:17 - Upload success
[INFO]: 2023-09-30 10:29:38 - Upload success
[INFO]: 2023-09-30 10:30:39 - Upload success
[INFO]: 2023-09-30 10:31:08 - Upload success
[INFO]: 2023-09-30 10:31:27 - Upload success
[INFO]: 2023-09-30 10:33:47 - Upload success
[INFO]: 2023-09-30 10:34:39 - Upload success
[INFO]: 2023-09-30 10:37:45 - Upload success
[INFO]: 2023-09-30 10:38:32 - Upload success
[INFO]: 2023-09-30 10:39:22 - Upload success
[INFO]: 2023-09-30 10:39:52 - Upload success
[INFO]: 2023-09-30 10:40:44 - Upload success
[INFO]: 2023-09-30 10:44:53 - Upload success
[INFO]: 2023-09-30 10:45:16 - Upload success
[INFO]: 2023-09-30 10:47:51 - Upload success
[INFO]: 2023-09-30 10:49:42 - Upload success
[INFO]: 2023-09-30 10:52:42 - Upload success
[INFO]: 2023-09-30 10:53:20 - Upload success
[INFO]: 2023-09-30 10:53:43 - Upload success
[INFO]: 2023-09-30 10:54:13 - Upload success
[INFO]: 2023-09-30 10:55:57 - Upload success
[INFO]: 2023-09-30 10:56:06 - Upload success
[INFO]: 2023-09-30 11:00:26 - Upload success
[INFO]: 2023-09-30 11:00:35 - Upload success
[INFO]: 2023-09-30 11:00:54 - Upload success
[INFO]: 2023-09-30 11:02:38 - Upload success
[INFO]: 2023-09-30 11:02:52 - Upload success
[INFO]: 2023-09-30 16:25:53 - Upload success
[INFO]: 2023-09-30 16:47:55 - Upload success
[INFO]: 2023-09-30 16:59:28 - Upload success
[INFO]: 2023-09-30 17:32:36 - Upload success
[INFO]: 2023-09-30 17:36:15 - Upload success
[INFO]: 2023-09-30 17:36:28 - Upload success
[INFO]: 2023-09-30 17:39:25 - Upload success
[INFO]: 2023-09-30 17:39:37 - Upload success
[INFO]: 2023-09-30 18:07:20 - Upload success
[INFO]: 2023-09-30 18:07:45 - Upload success
[INFO]: 2023-09-30 18:09:32 - Upload success
[INFO]: 2023-09-30 18:11:30 - Upload success
[INFO]: 2023-09-30 18:12:11 - Upload success
